<?xml version="1.0" encoding="UTF-8"?>
<!-- Generated by org.testng.reporters.JUnitXMLReporter -->
<testsuite ignored="0" hostname="Khoneshwar" failures="1" tests="2" name="Test(failed)(failed)(failed)" time="27.665" errors="0" timestamp="2024-11-10T08:10:26 IST">
  <testcase classname="testCases.TC020_AffilateFunctionalityTest" name="verify_Affilate" time="12.139">
    <failure type="java.lang.AssertionError" message="null">
      <![CDATA[java.lang.AssertionError: null
at testCases.TC020_AffilateFunctionalityTest.verify_Affilate(TC020_AffilateFunctionalityTest.java:57)
at java.base/java.util.ArrayList.forEach(ArrayList.java:1511)
... Removed 29 stack frames]]>
    </failure>
  </testcase> <!-- verify_Affilate -->
  <testcase classname="testCases.TC003_LoginDDT" name="verify_loginDDT" time="2.979"/>
</testsuite> <!-- Test(failed)(failed)(failed) -->
