<?xml version="1.0" encoding="UTF-8"?>
<testng-results ignored="0" total="1" passed="1" failed="0" skipped="0">
  <reporter-output>
  </reporter-output>
  <suite started-at="2024-11-10T08:11:30 IST" name="Failed suite [Failed suite [Failed suite [Failed suite [Master Suite]]]]" finished-at="2024-11-10T08:11:41 IST" duration-ms="10954">
    <groups>
      <group name="Master">
        <method signature="TC020_AffilateFunctionalityTest.verify_Affilate()[pri:0, instance:testCases.TC020_AffilateFunctionalityTest@2dd80673]" name="verify_Affilate" class="testCases.TC020_AffilateFunctionalityTest"/>
      </group> <!-- Master -->
      <group name="Regressiion">
        <method signature="TC020_AffilateFunctionalityTest.verify_Affilate()[pri:0, instance:testCases.TC020_AffilateFunctionalityTest@2dd80673]" name="verify_Affilate" class="testCases.TC020_AffilateFunctionalityTest"/>
      </group> <!-- Regressiion -->
    </groups>
    <test started-at="2024-11-10T08:11:30 IST" name="Test(failed)(failed)(failed)(failed)" finished-at="2024-11-10T08:11:41 IST" duration-ms="10954">
      <class name="testCases.TC020_AffilateFunctionalityTest">
        <test-method is-config="true" signature="setup(java.lang.String,java.lang.String)[pri:0, instance:testCases.TC020_AffilateFunctionalityTest@2dd80673]" started-at="2024-11-10T08:11:30 IST" name="setup" finished-at="2024-11-10T08:11:35 IST" duration-ms="4968" status="PASS">
          <params>
            <param index="0">
              <value>
                <![CDATA[edge]]>
              </value>
            </param>
            <param index="1">
              <value>
                <![CDATA[Windows]]>
              </value>
            </param>
          </params>
          <reporter-output>
          </reporter-output>
        </test-method> <!-- setup -->
        <test-method signature="verify_Affilate()[pri:0, instance:testCases.TC020_AffilateFunctionalityTest@2dd80673]" started-at="2024-11-10T08:11:35 IST" name="verify_Affilate" finished-at="2024-11-10T08:11:39 IST" duration-ms="4466" status="PASS">
          <reporter-output>
          </reporter-output>
        </test-method> <!-- verify_Affilate -->
        <test-method is-config="true" signature="tearDown()[pri:0, instance:testCases.TC020_AffilateFunctionalityTest@2dd80673]" started-at="2024-11-10T08:11:40 IST" name="tearDown" finished-at="2024-11-10T08:11:41 IST" duration-ms="1300" status="PASS">
          <reporter-output>
          </reporter-output>
        </test-method> <!-- tearDown -->
      </class> <!-- testCases.TC020_AffilateFunctionalityTest -->
    </test> <!-- Test(failed)(failed)(failed)(failed) -->
  </suite> <!-- Failed suite [Failed suite [Failed suite [Failed suite [Master Suite]]]] -->
</testng-results>
